SF:lib\app\core\shared\exceptions\app_exception.dart
DA:7,49
DA:10,20
LF:2
LH:2
end_of_record
SF:lib\app\core\user\domain\entities\user_entity.dart
DA:7,3
DA:12,0
DA:13,0
LF:3
LH:1
end_of_record
SF:lib\app\core\user\domain\usecase\i_get_user_usecase.dart
DA:14,1
DA:16,1
DA:17,3
LF:3
LH:3
end_of_record
SF:lib\app\core\shared\exceptions\i_app_exception.dart
DA:8,49
LF:1
LH:1
end_of_record
SF:lib\app\features\clients\domain\entities\client_entity.dart
DA:22,3
LF:1
LH:1
end_of_record
SF:lib\app\features\clients\domain\usecase\i_get_clients_usecase.dart
DA:15,1
DA:18,1
DA:19,3
LF:3
LH:3
end_of_record
SF:lib\app\core\services\hasura\hasura_service.dart
DA:9,0
DA:12,0
DA:16,0
DA:18,0
DA:19,0
DA:25,0
DA:29,0
DA:31,0
DA:32,0
LF:9
LH:0
end_of_record
SF:lib\app\core\shared\exceptions\hasura_exception.dart
DA:4,22
DA:7,11
LF:2
LH:2
end_of_record
SF:lib\app\core\user\external\datasource\get_user_datasource_impl.dart
DA:10,1
DA:12,1
DA:14,4
DA:15,3
DA:16,1
DA:18,1
DA:19,2
DA:21,0
LF:8
LH:7
end_of_record
SF:lib\app\core\user\external\model\user_model.dart
DA:6,2
DA:9,1
DA:11,0
DA:12,0
DA:13,0
DA:14,0
DA:18,1
DA:19,1
DA:20,1
DA:21,1
LF:10
LH:6
end_of_record
SF:lib\app\features\event_schedule\domain\entities\event_entity.dart
DA:10,3
DA:19,0
DA:20,0
DA:21,0
DA:22,0
DA:23,0
DA:24,0
DA:25,0
DA:26,0
LF:9
LH:1
end_of_record
SF:lib\app\features\event_schedule\external\datasource\get_event_datasource_impl.dart
DA:10,1
DA:12,1
DA:14,3
DA:15,2
DA:16,4
DA:18,1
DA:19,2
DA:21,0
LF:8
LH:7
end_of_record
SF:lib\app\features\event_schedule\external\model\event_model.dart
DA:10,2
DA:17,2
DA:26,0
DA:27,0
DA:28,0
DA:29,0
DA:30,0
DA:31,0
DA:32,0
DA:36,1
DA:37,1
DA:38,3
DA:39,3
DA:40,1
DA:41,1
DA:42,2
DA:43,1
LF:17
LH:10
end_of_record
SF:lib\app\core\user\infra\repository\get_user_repository_impl.dart
DA:11,1
DA:14,1
DA:16,3
DA:17,1
DA:19,3
LF:5
LH:5
end_of_record
SF:lib\app\features\clients\external\datasource\get_clients_datasource_impl.dart
DA:11,1
DA:13,1
DA:15,3
DA:16,2
DA:17,4
DA:19,1
DA:20,2
DA:22,0
LF:8
LH:7
end_of_record
SF:lib\app\features\clients\external\model\client_model.dart
DA:24,2
DA:45,2
DA:68,1
DA:69,1
DA:70,1
DA:71,1
DA:72,1
DA:73,1
DA:74,1
DA:75,1
DA:76,1
DA:77,1
DA:78,1
DA:79,1
DA:80,1
DA:81,1
DA:82,1
DA:83,1
DA:84,1
DA:85,2
DA:86,2
DA:87,2
DA:88,2
DA:89,2
LF:24
LH:24
end_of_record
SF:lib\app\features\clients\infra\repository\get_client_repository_impl.dart
DA:12,1
DA:15,1
DA:17,3
DA:18,1
DA:19,1
DA:20,0
DA:22,1
DA:23,2
LF:8
LH:7
end_of_record
SF:lib\app\features\control_cash\domain\entity\payment_entity.dart
DA:10,2
DA:19,0
DA:20,0
DA:21,0
DA:22,0
DA:23,0
DA:24,0
DA:25,0
LF:8
LH:1
end_of_record
SF:lib\app\features\control_cash\domain\usecase\i_get_payments_usecase.dart
DA:13,1
DA:16,1
DA:17,3
LF:3
LH:3
end_of_record
SF:lib\app\features\control_cash\domain\usecase\i_insert_payments_usecase.dart
DA:14,1
DA:16,1
DA:17,3
LF:3
LH:3
end_of_record
SF:lib\app\features\control_cash\domain\entity\control_cash_entity.dart
DA:10,3
DA:19,0
DA:20,0
DA:21,0
DA:22,0
DA:23,0
DA:24,0
DA:25,0
DA:26,0
LF:9
LH:1
end_of_record
SF:lib\app\features\control_cash\external\datasource\insert_payments_datasource.dart
DA:11,1
DA:13,1
DA:15,3
DA:17,1
DA:18,1
DA:20,1
DA:21,1
DA:22,1
DA:23,1
DA:24,1
DA:28,3
DA:31,2
LF:12
LH:12
end_of_record
SF:lib\app\features\control_cash\external\datasource\get_payments_datasource_impl.dart
DA:11,1
DA:13,1
DA:15,3
DA:16,2
DA:17,2
DA:19,1
DA:20,2
DA:22,0
LF:8
LH:7
end_of_record
SF:lib\app\features\control_cash\external\model\payment_model.dart
DA:11,1
DA:18,1
DA:27,0
DA:28,0
DA:29,0
DA:30,0
DA:31,0
DA:32,0
DA:36,0
DA:37,0
DA:38,0
DA:39,0
DA:40,0
DA:41,0
DA:42,0
DA:43,0
LF:16
LH:2
end_of_record
SF:lib\app\features\control_cash\infra\repository\get_payments_repository.dart
DA:12,1
DA:15,1
DA:17,3
DA:18,1
DA:19,1
DA:20,0
DA:22,1
DA:23,2
LF:8
LH:7
end_of_record
SF:lib\app\features\control_cash\infra\repository\insert_payments_repository.dart
DA:12,1
DA:15,1
DA:17,3
DA:18,1
DA:19,1
DA:20,0
DA:22,1
DA:23,2
LF:8
LH:7
end_of_record
SF:lib\app\features\create_plan\domain\entities\plan_entity.dart
DA:7,6
DA:13,0
DA:14,0
DA:15,0
DA:16,0
DA:17,0
LF:6
LH:1
end_of_record
SF:lib\app\features\create_plan\domain\usecase\i_get_plans_usecase.dart
DA:14,1
DA:17,1
DA:18,3
LF:3
LH:3
end_of_record
SF:lib\app\features\create_plan\domain\usecase\i_insert_plan_usecase.dart
DA:14,1
DA:16,1
DA:17,3
LF:3
LH:3
end_of_record
SF:lib\app\features\create_plan\external\datasource\get_plans_datasource_impl.dart
DA:12,1
DA:14,1
DA:16,3
DA:17,2
DA:18,4
DA:20,1
DA:21,2
DA:23,0
LF:8
LH:7
end_of_record
SF:lib\app\features\create_plan\external\model\plan_model.dart
DA:7,2
DA:11,1
DA:17,0
DA:18,0
DA:19,0
DA:20,0
DA:21,0
DA:25,1
DA:26,1
DA:27,1
DA:28,1
DA:29,1
LF:12
LH:7
end_of_record
SF:lib\app\features\create_plan\external\datasource\insert_plan_datasource_impl.dart
DA:10,1
DA:12,1
DA:14,4
DA:15,1
DA:16,1
DA:17,1
DA:18,1
DA:21,3
DA:23,1
DA:24,2
DA:26,0
LF:11
LH:10
end_of_record
SF:lib\app\features\create_plan\infra\repository\get_plans_repository_impl.dart
DA:12,1
DA:15,1
DA:17,3
DA:18,1
DA:19,1
DA:20,0
DA:22,1
DA:23,2
LF:8
LH:7
end_of_record
SF:lib\app\features\create_plan\infra\repository\insert_plan_repository_impl.dart
DA:11,1
DA:13,1
DA:15,3
DA:16,1
DA:17,1
DA:18,0
DA:20,1
DA:21,2
LF:8
LH:7
end_of_record
SF:lib\app\features\event_schedule\domain\usecase\i_get_event_usecase.dart
DA:14,1
DA:16,1
DA:17,3
LF:3
LH:3
end_of_record
SF:lib\app\features\event_schedule\domain\usecase\i_insert_event_usecase.dart
DA:13,1
DA:15,1
DA:16,3
LF:3
LH:3
end_of_record
SF:lib\app\features\event_schedule\domain\entities\param_event_entity.dart
DA:9,3
DA:17,0
DA:18,0
DA:19,0
DA:20,0
DA:21,0
DA:22,0
DA:23,0
LF:8
LH:1
end_of_record
SF:lib\app\features\event_schedule\external\datasource\insert_event_datasource_impl.dart
DA:11,1
DA:13,1
DA:15,3
DA:17,1
DA:18,1
DA:19,1
DA:20,1
DA:21,1
DA:22,1
DA:23,1
DA:27,3
DA:29,1
DA:30,2
DA:32,0
LF:14
LH:13
end_of_record
SF:lib\app\features\event_schedule\infra\repository\get_event_repository_impl.dart
DA:12,1
DA:14,1
DA:16,3
DA:17,1
DA:18,1
DA:19,0
DA:21,1
DA:22,2
LF:8
LH:7
end_of_record
SF:lib\app\features\event_schedule\infra\repository\insert_event_repository_impl.dart
DA:12,1
DA:14,1
DA:16,3
DA:17,1
DA:18,1
DA:19,0
DA:21,1
DA:22,2
LF:8
LH:7
end_of_record
SF:lib\app\features\registration\domain\error\insert_adress_failure.dart
DA:6,2
LF:1
LH:1
end_of_record
SF:lib\app\features\registration\domain\usecase\i_insert_adress_usecase.dart
DA:13,1
DA:15,1
DA:16,3
LF:3
LH:3
end_of_record
SF:lib\app\features\registration\domain\entities\adress_entity.dart
DA:10,3
DA:18,0
DA:19,0
DA:20,0
DA:21,0
DA:22,0
DA:23,0
DA:24,0
LF:8
LH:1
end_of_record
SF:lib\app\features\registration\domain\error\insert_client_failure.dart
DA:6,2
LF:1
LH:1
end_of_record
SF:lib\app\features\registration\domain\usecase\i_insert_client_usecase.dart
DA:13,1
DA:15,1
DA:17,3
LF:3
LH:3
end_of_record
SF:lib\app\features\registration\domain\entities\client_data_entity.dart
DA:18,3
DA:34,0
DA:35,0
DA:36,0
DA:37,0
DA:38,0
DA:39,0
DA:40,0
DA:41,0
DA:42,0
DA:43,0
DA:44,0
DA:45,0
DA:46,0
DA:47,0
DA:48,0
LF:16
LH:1
end_of_record
SF:lib\app\features\registration\domain\usecase\i_insert_measurements_usecase.dart
DA:14,1
DA:16,1
DA:17,3
LF:3
LH:3
end_of_record
SF:lib\app\features\registration\domain\entities\measurements_entity.dart
DA:10,3
DA:19,0
DA:20,0
DA:21,0
DA:22,0
DA:23,0
DA:24,0
DA:25,0
DA:26,0
LF:9
LH:1
end_of_record
SF:lib\app\features\registration\external\datasource\insert_adress_datasource_impl.dart
DA:10,1
DA:12,1
DA:14,3
DA:16,1
DA:17,1
DA:18,1
DA:19,1
DA:20,1
DA:21,1
DA:22,1
DA:26,3
DA:28,1
DA:29,2
DA:31,0
LF:14
LH:13
end_of_record
SF:lib\app\features\registration\external\datasource\insert_client_datasource_impl.dart
DA:10,1
DA:12,1
DA:14,3
DA:16,1
DA:17,1
DA:18,1
DA:19,1
DA:20,1
DA:21,1
DA:22,1
DA:23,1
DA:24,1
DA:25,1
DA:29,3
DA:31,1
DA:32,2
DA:34,0
LF:17
LH:16
end_of_record
SF:lib\app\features\registration\external\datasource\insert_measurements_datasource_impl.dart
DA:11,1
DA:13,1
DA:15,3
DA:17,1
DA:18,1
DA:19,1
DA:20,1
DA:21,1
DA:22,1
DA:23,1
DA:24,1
DA:28,3
DA:30,1
DA:31,2
DA:33,0
LF:15
LH:14
end_of_record
SF:lib\app\features\registration\infra\repository\insert_adress_repository_impl.dart
DA:11,1
DA:13,1
DA:15,3
DA:16,1
DA:17,1
DA:18,0
DA:20,3
LF:7
LH:6
end_of_record
SF:lib\app\features\registration\infra\repository\insert_client_repository_impl.dart
DA:10,1
DA:12,1
DA:14,3
DA:15,1
DA:16,1
DA:17,0
DA:19,3
LF:7
LH:6
end_of_record
SF:lib\app\features\registration\infra\repository\insert_measurements_impl.dart
DA:12,1
DA:14,1
DA:16,3
DA:17,1
DA:19,1
DA:20,1
DA:21,1
LF:7
LH:7
end_of_record
